[debug] [2021-09-29T08:55:30.635Z] ----------------------------------------------------------------------
[debug] [2021-09-29T08:55:30.642Z] Command:       C:\Program Files\nodejs\node.exe C:\Users\Ashish Garg\AppData\Roaming\npm\node_modules\firebase-tools\lib\bin\firebase.js deploy --except funtions
[debug] [2021-09-29T08:55:30.643Z] CLI Version:   9.16.0
[debug] [2021-09-29T08:55:30.643Z] Platform:      win32
[debug] [2021-09-29T08:55:30.644Z] Node Version:  v14.16.1
[debug] [2021-09-29T08:55:30.646Z] Time:          Wed Sep 29 2021 14:25:30 GMT+0530 (India Standard Time)
[debug] [2021-09-29T08:55:30.646Z] ----------------------------------------------------------------------
[debug] 
[debug] [2021-09-29T08:55:30.743Z] > command requires scopes: ["email","openid","https://www.googleapis.com/auth/cloudplatformprojects.readonly","https://www.googleapis.com/auth/firebase","https://www.googleapis.com/auth/cloud-platform"]
[debug] [2021-09-29T08:55:30.744Z] > authorizing via signed-in user (ashish2504g@gmail.com)
[debug] [2021-09-29T08:55:30.744Z] [iam] checking project ms-academy-a37fa for permissions ["cloudfunctions.functions.create","cloudfunctions.functions.delete","cloudfunctions.functions.get","cloudfunctions.functions.list","cloudfunctions.functions.update","cloudfunctions.operations.get","firebase.projects.get","firebasehosting.sites.update"]
[debug] [2021-09-29T08:55:30.746Z] > refreshing access token with scopes: ["email","https://www.googleapis.com/auth/cloud-platform","https://www.googleapis.com/auth/cloudplatformprojects.readonly","https://www.googleapis.com/auth/firebase","openid"]
[debug] [2021-09-29T08:55:30.747Z] >>> HTTP REQUEST POST https://www.googleapis.com/oauth2/v3/token  
 <request body omitted>
[debug] [2021-09-29T08:55:31.049Z] <<< HTTP RESPONSE 200 {"expires":"Mon, 01 Jan 1990 00:00:00 GMT","cache-control":"no-cache, no-store, max-age=0, must-revalidate","date":"Wed, 29 Sep 2021 08:55:31 GMT","pragma":"no-cache","content-type":"application/json; charset=utf-8","vary":"X-Origin, Referer, Origin,Accept-Encoding","server":"scaffolding on HTTPServer2","x-xss-protection":"0","x-frame-options":"SAMEORIGIN","x-content-type-options":"nosniff","alt-svc":"h3=\":443\"; ma=2592000,h3-29=\":443\"; ma=2592000,h3-T051=\":443\"; ma=2592000,h3-Q050=\":443\"; ma=2592000,h3-Q046=\":443\"; ma=2592000,h3-Q043=\":443\"; ma=2592000,quic=\":443\"; ma=2592000; v=\"46,43\"","accept-ranges":"none","transfer-encoding":"chunked"}
[debug] [2021-09-29T08:55:31.073Z] >>> HTTP REQUEST POST https://cloudresourcemanager.googleapis.com/v1/projects/ms-academy-a37fa:testIamPermissions  
 {"permissions":["cloudfunctions.functions.create","cloudfunctions.functions.delete","cloudfunctions.functions.get","cloudfunctions.functions.list","cloudfunctions.functions.update","cloudfunctions.operations.get","firebase.projects.get","firebasehosting.sites.update"]}
[debug] [2021-09-29T08:55:32.746Z] <<< HTTP RESPONSE 200 {"content-type":"application/json; charset=UTF-8","vary":"X-Origin, Referer, Origin,Accept-Encoding","date":"Wed, 29 Sep 2021 08:55:32 GMT","server":"ESF","cache-control":"private","x-xss-protection":"0","x-frame-options":"SAMEORIGIN","x-content-type-options":"nosniff","server-timing":"gfet4t7; dur=1356","alt-svc":"h3=\":443\"; ma=2592000,h3-29=\":443\"; ma=2592000,h3-T051=\":443\"; ma=2592000,h3-Q050=\":443\"; ma=2592000,h3-Q046=\":443\"; ma=2592000,h3-Q043=\":443\"; ma=2592000,quic=\":443\"; ma=2592000; v=\"46,43\"","accept-ranges":"none","transfer-encoding":"chunked"}
[debug] [2021-09-29T08:55:32.750Z] >>> HTTP REQUEST POST https://iam.googleapis.com/v1/projects/ms-academy-a37fa/serviceAccounts/ms-academy-a37fa@appspot.gserviceaccount.com:testIamPermissions  
 {"permissions":["iam.serviceAccounts.actAs"]}
[debug] [2021-09-29T08:55:34.623Z] <<< HTTP RESPONSE 200 {"content-type":"application/json; charset=UTF-8","vary":"X-Origin, Referer, Origin,Accept-Encoding","date":"Wed, 29 Sep 2021 08:55:34 GMT","server":"ESF","cache-control":"private","x-xss-protection":"0","x-frame-options":"SAMEORIGIN","x-content-type-options":"nosniff","alt-svc":"h3=\":443\"; ma=2592000,h3-29=\":443\"; ma=2592000,h3-T051=\":443\"; ma=2592000,h3-Q050=\":443\"; ma=2592000,h3-Q046=\":443\"; ma=2592000,h3-Q043=\":443\"; ma=2592000,quic=\":443\"; ma=2592000; v=\"46,43\"","accept-ranges":"none","transfer-encoding":"chunked"}
[debug] [2021-09-29T08:55:34.629Z] > refreshing access token with scopes: []
[debug] [2021-09-29T08:55:34.630Z] >>> HTTP REQUEST POST https://www.googleapis.com/oauth2/v3/token  
 <request body omitted>
[debug] [2021-09-29T08:55:34.883Z] <<< HTTP RESPONSE 200 {"date":"Wed, 29 Sep 2021 08:55:35 GMT","pragma":"no-cache","expires":"Mon, 01 Jan 1990 00:00:00 GMT","cache-control":"no-cache, no-store, max-age=0, must-revalidate","content-type":"application/json; charset=utf-8","vary":"X-Origin, Referer, Origin,Accept-Encoding","server":"scaffolding on HTTPServer2","x-xss-protection":"0","x-frame-options":"SAMEORIGIN","x-content-type-options":"nosniff","alt-svc":"h3=\":443\"; ma=2592000,h3-29=\":443\"; ma=2592000,h3-T051=\":443\"; ma=2592000,h3-Q050=\":443\"; ma=2592000,h3-Q046=\":443\"; ma=2592000,h3-Q043=\":443\"; ma=2592000,quic=\":443\"; ma=2592000; v=\"46,43\"","accept-ranges":"none","transfer-encoding":"chunked"}
[debug] [2021-09-29T08:55:34.918Z] >>> [apiv2][query] GET https://firebase.googleapis.com/v1beta1/projects/ms-academy-a37fa [none]
[debug] [2021-09-29T08:55:35.409Z] <<< [apiv2][status] GET https://firebase.googleapis.com/v1beta1/projects/ms-academy-a37fa 200
[debug] [2021-09-29T08:55:35.410Z] <<< [apiv2][body] GET https://firebase.googleapis.com/v1beta1/projects/ms-academy-a37fa {"projectId":"ms-academy-a37fa","projectNumber":"1076836101061","displayName":"MS Academy","name":"projects/ms-academy-a37fa","resources":{"hostingSite":"ms-academy-a37fa","storageBucket":"ms-academy-a37fa.appspot.com","locationId":"asia-south1"},"state":"ACTIVE"}
[info] 
[info] === Deploying to 'ms-academy-a37fa'...
[info] 
[info] i  deploying functions, hosting 
[debug] [2021-09-29T08:55:35.673Z] TypeError [ERR_INVALID_ARG_TYPE]: The "path" argument must be of type string. Received undefined
    at validateString (internal/validators.js:124:11)
    at Object.join (path.js:375:7)
    at Config.path (C:\Users\Ashish Garg\AppData\Roaming\npm\node_modules\firebase-tools\lib\config.js:115:45)
    at getChildEnvironment (C:\Users\Ashish Garg\AppData\Roaming\npm\node_modules\firebase-tools\lib\deploy\lifecycleHooks.js:50:49)
    at runTargetCommands (C:\Users\Ashish Garg\AppData\Roaming\npm\node_modules\firebase-tools\lib\deploy\lifecycleHooks.js:71:14)
    at C:\Users\Ashish Garg\AppData\Roaming\npm\node_modules\firebase-tools\lib\deploy\lifecycleHooks.js:122:24
    at processTicksAndRejections (internal/process/task_queues.js:93:5)
[error] 
[error] Error: An unexpected error has occurred.
